<?xml version="1.0" encoding="UTF-8"?>
<testsuite xmlns:xsi="http://www.w3.org/2001/XMLSchema-instance" xsi:noNamespaceSchemaLocation="https://maven.apache.org/surefire/maven-surefire-plugin/xsd/surefire-test-report.xsd" name="edu.ap.spring.test.SpringTest" time="4.856" tests="5" errors="0" skipped="0" failures="2">
  <properties>
[...]
</properties>
  <testcase name="test1" classname="edu.ap.spring.test.SpringTest" time="0.027"/>
  <testcase name="test2" classname="edu.ap.spring.test.SpringTest" time="0.007"/>
  <testcase name="test3" classname="edu.ap.spring.test.SpringTest" time="0.017">
    <failure message="expected: &lt;edu.ap.spring.jpa.Employee@b842275&gt; but was: &lt;edu.ap.spring.jpa.Employee@33399052&gt;" type="org.opentest4j.AssertionFailedError"><![CDATA[org.opentest4j.AssertionFailedError: expected: <edu.ap.spring.jpa.Employee@b842275> but was: <edu.ap.spring.jpa.Employee@33399052>
	at edu.ap.spring.test.SpringTest.test3(SpringTest.java:49)
]]></failure>
  </testcase>
  <testcase name="test4" classname="edu.ap.spring.test.SpringTest" time="0.004">
    <failure message="expected: &lt;edu.ap.spring.jpa.Employee@b842275&gt; but was: &lt;edu.ap.spring.jpa.Employee@d08f85a&gt;" type="org.opentest4j.AssertionFailedError"><![CDATA[org.opentest4j.AssertionFailedError: expected: <edu.ap.spring.jpa.Employee@b842275> but was: <edu.ap.spring.jpa.Employee@d08f85a>
	at edu.ap.spring.test.SpringTest.test4(SpringTest.java:59)
]]></failure>
  </testcase>
  <testcase name="test5" classname="edu.ap.spring.test.SpringTest" time="0.002"/>
</testsuite>