<?xml version="1.0" encoding="UTF-8"?>
<testsuite xmlns:xsi="http://www.w3.org/2001/XMLSchema-instance" xsi:noNamespaceSchemaLocation="https://maven.apache.org/surefire/maven-surefire-plugin/xsd/surefire-test-report.xsd" name="edu.ap.spring.test.SpringTest" time="14.657" tests="4" errors="0" skipped="0" failures="2">
  <properties>
[...]
</properties>
  <testcase name="test1" classname="edu.ap.spring.test.SpringTest" time="0.112"/>
  <testcase name="test2" classname="edu.ap.spring.test.SpringTest" time="0.015"/>
  <testcase name="test3" classname="edu.ap.spring.test.SpringTest" time="0.035">
    <failure message="expected: &lt;edu.ap.spring.jpa.Employee@7f5e9949&gt; but was: &lt;edu.ap.spring.jpa.Employee@323eecf8&gt;" type="org.opentest4j.AssertionFailedError"><![CDATA[org.opentest4j.AssertionFailedError: expected: <edu.ap.spring.jpa.Employee@7f5e9949> but was: <edu.ap.spring.jpa.Employee@323eecf8>
	at edu.ap.spring.test.SpringTest.test3(SpringTest.java:50)
]]></failure>
  </testcase>
  <testcase name="test4" classname="edu.ap.spring.test.SpringTest" time="0.561">
    <failure message="expected: &lt;[edu.ap.spring.jpa.Employee@3e0e0ba7, edu.ap.spring.jpa.Employee@4f0c1409, edu.ap.spring.jpa.Employee@188ae8d2]&gt; but was: &lt;[edu.ap.spring.jpa.Employee@7f5e9949, edu.ap.spring.jpa.Employee@178ba69f, edu.ap.spring.jpa.Employee@4ae5ddc0]&gt;" type="org.opentest4j.AssertionFailedError"><![CDATA[org.opentest4j.AssertionFailedError: expected: <[edu.ap.spring.jpa.Employee@3e0e0ba7, edu.ap.spring.jpa.Employee@4f0c1409, edu.ap.spring.jpa.Employee@188ae8d2]> but was: <[edu.ap.spring.jpa.Employee@7f5e9949, edu.ap.spring.jpa.Employee@178ba69f, edu.ap.spring.jpa.Employee@4ae5ddc0]>
	at edu.ap.spring.test.SpringTest.test4(SpringTest.java:67)
]]></failure>
    <system-out><![CDATA[Philippe
Olga
Vincent
]]></system-out>
  </testcase>
</testsuite>